<?xml version="1.0" encoding="UTF-8"?>
<!-- Generated by org.testng.reporters.JUnitReportReporter -->
<testsuite hostname="RAIAANs-Air.fios-router.home" failures="0" tests="1" name="org.suborg.project.teamname.runner.CucumberTestRunner" time="1.404" errors="0" timestamp="2020-07-29T11:46:24 EDT" skipped="0">
  <testcase classname="org.suborg.project.teamname.runner.CucumberTestRunner" name="letsseeifitworks" time="1.404"/>
  <system-out/>
</testsuite> <!-- org.suborg.project.teamname.runner.CucumberTestRunner -->
