<?xml version="1.0" encoding="UTF-8"?>
<!-- Generated by org.testng.reporters.JUnitReportReporter -->
<testsuite hostname="RAIAANs-Air.fios-router.home" failures="0" tests="4" name="org.suborg.project.teamname.runner.CucumberTestRunner" time="0.483" errors="1" timestamp="2020-08-12T18:46:14 EDT" skipped="3">
  <testcase classname="org.suborg.project.teamname.runner.CucumberTestRunner" name="runScenario" time="0.000">
    <skipped/>
  </testcase> <!-- runScenario -->
  <system-out/>
  <testcase classname="org.suborg.project.teamname.runner.CucumberTestRunner" name="setup" time="0.483">
    <error message="Could not start a new session. Possible causes are invalid address of the remote server or browser start-up failure.
Build info: version: &#039;4.0.0-alpha-3&#039;, revision: &#039;8c567de6dc&#039;
System info: host: &#039;RAIAANs-Air.fios-router.home&#039;, ip: &#039;fe80:0:0:0:409:8e3e:8c32:9ab1%en0&#039;, os.name: &#039;Mac OS X&#039;, os.arch: &#039;x86_64&#039;, os.version: &#039;10.15.5&#039;, java.version: &#039;14.0.2&#039;
Driver info: driver.version: Driver" type="org.openqa.selenium.remote.UnreachableBrowserException">
      <![CDATA[org.openqa.selenium.remote.UnreachableBrowserException: Could not start a new session. Possible causes are invalid address of the remote server or browser start-up failure.
Build info: version: '4.0.0-alpha-3', revision: '8c567de6dc'
System info: host: 'RAIAANs-Air.fios-router.home', ip: 'fe80:0:0:0:409:8e3e:8c32:9ab1%en0', os.name: 'Mac OS X', os.arch: 'x86_64', os.version: '10.15.5', java.version: '14.0.2'
Driver info: driver.version: Driver
at org.openqa.selenium.remote.RemoteWebDriver.execute(RemoteWebDriver.java:597)
at org.openqa.selenium.remote.RemoteWebDriver.startSession(RemoteWebDriver.java:210)
at org.openqa.selenium.remote.RemoteWebDriver.<init>(RemoteWebDriver.java:130)
at org.openqa.selenium.remote.RemoteWebDriver.<init>(RemoteWebDriver.java:143)
at org.suborg.project.teamname.baseconfig.Driver.<init>(Driver.java:69)
at org.suborg.project.teamname.runner.CucumberTestRunner.setup(CucumberTestRunner.java:19)
at java.base/jdk.internal.reflect.NativeMethodAccessorImpl.invoke0(Native Method)
at java.base/jdk.internal.reflect.NativeMethodAccessorImpl.invoke(NativeMethodAccessorImpl.java:62)
at java.base/jdk.internal.reflect.DelegatingMethodAccessorImpl.invoke(DelegatingMethodAccessorImpl.java:43)
at java.base/java.lang.reflect.Method.invoke(Method.java:564)
at org.testng.internal.MethodInvocationHelper.invokeMethod(MethodInvocationHelper.java:134)
at org.testng.internal.MethodInvocationHelper.invokeMethodConsideringTimeout(MethodInvocationHelper.java:63)
at org.testng.internal.ConfigInvoker.invokeConfigurationMethod(ConfigInvoker.java:348)
at org.testng.internal.ConfigInvoker.invokeConfigurations(ConfigInvoker.java:302)
at org.testng.internal.TestInvoker.runConfigMethods(TestInvoker.java:695)
at org.testng.internal.TestInvoker.invokeMethod(TestInvoker.java:523)
at org.testng.internal.TestInvoker.invokeTestMethod(TestInvoker.java:173)
at org.testng.internal.MethodRunner.runInSequence(MethodRunner.java:46)
at org.testng.internal.TestInvoker$MethodInvocationAgent.invoke(TestInvoker.java:816)
at org.testng.internal.TestInvoker.invokeTestMethods(TestInvoker.java:146)
at org.testng.internal.TestMethodWorker.invokeTestMethods(TestMethodWorker.java:146)
at org.testng.internal.TestMethodWorker.run(TestMethodWorker.java:128)
at java.base/java.util.ArrayList.forEach(ArrayList.java:1511)
at org.testng.TestRunner.privateRun(TestRunner.java:766)
at org.testng.TestRunner.run(TestRunner.java:587)
at org.testng.SuiteRunner.runTest(SuiteRunner.java:384)
at org.testng.SuiteRunner.runSequentially(SuiteRunner.java:378)
at org.testng.SuiteRunner.privateRun(SuiteRunner.java:337)
at org.testng.SuiteRunner.run(SuiteRunner.java:286)
at org.testng.SuiteRunnerWorker.runSuite(SuiteRunnerWorker.java:53)
at org.testng.SuiteRunnerWorker.run(SuiteRunnerWorker.java:96)
at org.testng.TestNG.runSuitesSequentially(TestNG.java:1187)
at org.testng.TestNG.runSuitesLocally(TestNG.java:1109)
at org.testng.TestNG.runSuites(TestNG.java:1039)
at org.testng.TestNG.run(TestNG.java:1007)
at org.apache.maven.surefire.testng.TestNGExecutor.run(TestNGExecutor.java:283)
at org.apache.maven.surefire.testng.TestNGXmlTestSuite.execute(TestNGXmlTestSuite.java:75)
at org.apache.maven.surefire.testng.TestNGProvider.invoke(TestNGProvider.java:120)
at org.apache.maven.surefire.booter.ForkedBooter.invokeProviderInSameClassLoader(ForkedBooter.java:379)
at org.apache.maven.surefire.booter.ForkedBooter.runSuitesInProcess(ForkedBooter.java:340)
at org.apache.maven.surefire.booter.ForkedBooter.execute(ForkedBooter.java:125)
at org.apache.maven.surefire.booter.ForkedBooter.main(ForkedBooter.java:413)
Caused by: java.io.UncheckedIOException: java.net.ConnectException: Failed to connect to /192.168.1.81:4444
at org.openqa.selenium.remote.http.okhttp.OkHandler.makeCall(OkHandler.java:63)
at org.openqa.selenium.remote.http.AddSeleniumUserAgent.lambda$apply$0(AddSeleniumUserAgent.java:42)
at org.openqa.selenium.remote.http.Filter.lambda$andFinally$1(Filter.java:55)
at org.openqa.selenium.remote.http.okhttp.OkHandler.execute(OkHandler.java:52)
at org.openqa.selenium.remote.http.AddSeleniumUserAgent.lambda$apply$0(AddSeleniumUserAgent.java:42)
at org.openqa.selenium.remote.http.Filter.lambda$andFinally$1(Filter.java:55)
at org.openqa.selenium.remote.http.okhttp.OkHttpClient.execute(OkHttpClient.java:45)
at org.openqa.selenium.remote.ProtocolHandshake.createSession(ProtocolHandshake.java:106)
at org.openqa.selenium.remote.ProtocolHandshake.createSession(ProtocolHandshake.java:75)
at org.openqa.selenium.remote.HttpCommandExecutor.execute(HttpCommandExecutor.java:139)
at org.openqa.selenium.remote.RemoteWebDriver.execute(RemoteWebDriver.java:576)
... 41 more
Caused by: java.net.ConnectException: Failed to connect to /192.168.1.81:4444
at okhttp3.internal.connection.RealConnection.connectSocket(RealConnection.kt:270)
at okhttp3.internal.connection.RealConnection.connect(RealConnection.kt:176)
at okhttp3.internal.connection.ExchangeFinder.findConnection(ExchangeFinder.kt:236)
at okhttp3.internal.connection.ExchangeFinder.findHealthyConnection(ExchangeFinder.kt:109)
at okhttp3.internal.connection.ExchangeFinder.find(ExchangeFinder.kt:77)
at okhttp3.internal.connection.Transmitter.newExchange$okhttp(Transmitter.kt:162)
at okhttp3.internal.connection.ConnectInterceptor.intercept(ConnectInterceptor.kt:35)
at okhttp3.internal.http.RealInterceptorChain.proceed(RealInterceptorChain.kt:112)
at okhttp3.internal.http.RealInterceptorChain.proceed(RealInterceptorChain.kt:87)
at okhttp3.internal.cache.CacheInterceptor.intercept(CacheInterceptor.kt:82)
at okhttp3.internal.http.RealInterceptorChain.proceed(RealInterceptorChain.kt:112)
at okhttp3.internal.http.RealInterceptorChain.proceed(RealInterceptorChain.kt:87)
at okhttp3.internal.http.BridgeInterceptor.intercept(BridgeInterceptor.kt:84)
at okhttp3.internal.http.RealInterceptorChain.proceed(RealInterceptorChain.kt:112)
at okhttp3.internal.http.RetryAndFollowUpInterceptor.intercept(RetryAndFollowUpInterceptor.kt:71)
at okhttp3.internal.http.RealInterceptorChain.proceed(RealInterceptorChain.kt:112)
at okhttp3.internal.http.RealInterceptorChain.proceed(RealInterceptorChain.kt:87)
at okhttp3.RealCall.getResponseWithInterceptorChain(RealCall.kt:184)
at okhttp3.RealCall.execute(RealCall.kt:66)
at org.openqa.selenium.remote.http.okhttp.OkHandler.makeCall(OkHandler.java:60)
... 51 more
Caused by: java.net.ConnectException: Connection refused
at java.base/sun.nio.ch.Net.pollConnect(Native Method)
at java.base/sun.nio.ch.Net.pollConnectNow(Net.java:589)
at java.base/sun.nio.ch.NioSocketImpl.timedFinishConnect(NioSocketImpl.java:542)
at java.base/sun.nio.ch.NioSocketImpl.connect(NioSocketImpl.java:597)
at java.base/java.net.SocksSocketImpl.connect(SocksSocketImpl.java:333)
at java.base/java.net.Socket.connect(Socket.java:648)
at okhttp3.internal.platform.Platform.connectSocket(Platform.kt:126)
at okhttp3.internal.connection.RealConnection.connectSocket(RealConnection.kt:268)
... 70 more
]]>
    </error>
  </testcase> <!-- setup -->
  <system-out/>
  <testcase classname="org.suborg.project.teamname.runner.CucumberTestRunner" name="runScenario" time="0.000">
    <skipped/>
  </testcase> <!-- runScenario -->
  <system-out/>
  <testcase classname="org.suborg.project.teamname.runner.CucumberTestRunner" name="runScenario" time="0.000">
    <skipped/>
  </testcase> <!-- runScenario -->
  <system-out/>
</testsuite> <!-- org.suborg.project.teamname.runner.CucumberTestRunner -->
