<?xml version="1.0" encoding="UTF-8"?>
<!-- Generated by org.testng.reporters.JUnitReportReporter -->
<testsuite hostname="RAIAANs-Air.fios-router.home" failures="0" tests="1" name="org.suborg.project.teamname.runner.CucumberTestRunner" time="28.471" errors="0" timestamp="2020-08-01T19:27:29 EDT" skipped="0">
  <testcase classname="org.suborg.project.teamname.runner.CucumberTestRunner" name="withouttag" time="28.471"/>
  <system-out/>
</testsuite> <!-- org.suborg.project.teamname.runner.CucumberTestRunner -->
