<?xml version="1.0" encoding="UTF-8"?>
<!-- Generated by org.testng.reporters.JUnitReportReporter -->
<testsuite hostname="RAIAANs-Air.fios-router.home" failures="0" tests="3" name="org.suborg.project.teamname.runner.CucumberTestRunner" time="10.991" errors="0" timestamp="2020-08-11T16:16:27 EDT" skipped="0">
  <testcase classname="org.suborg.project.teamname.runner.CucumberTestRunner" name="runScenario" time="8.746"/>
  <system-out/>
  <testcase classname="org.suborg.project.teamname.runner.CucumberTestRunner" name="runScenario" time="0.876"/>
  <system-out/>
  <testcase classname="org.suborg.project.teamname.runner.CucumberTestRunner" name="runScenario" time="1.369"/>
  <system-out/>
</testsuite> <!-- org.suborg.project.teamname.runner.CucumberTestRunner -->
