<?xml version="1.0" encoding="UTF-8"?>
<!-- Generated by org.testng.reporters.JUnitReportReporter -->
<testsuite hostname="LAPTOP-ASPCVG54" failures="0" tests="1" name="org.suborg.project.teamname.runner.CucumberTestRunner" time="25.029" errors="0" timestamp="2021-01-25T10:09:04 CST" skipped="0">
  <testcase classname="org.suborg.project.teamname.runner.CucumberTestRunner" name="runScenario" time="25.029"/>
  <system-out/>
</testsuite> <!-- org.suborg.project.teamname.runner.CucumberTestRunner -->
