<?xml version="1.0" encoding="UTF-8"?>
<!-- Generated by org.testng.reporters.JUnitReportReporter -->
<testsuite hostname="RAIAANs-Air.fios-router.home" failures="0" tests="3" name="org.suborg.project.teamname.runner.CucumberTestRunner" time="20.880" errors="0" timestamp="2020-08-12T18:34:58 EDT" skipped="0">
  <testcase classname="org.suborg.project.teamname.runner.CucumberTestRunner" name="runScenario" time="3.992"/>
  <system-out/>
  <testcase classname="org.suborg.project.teamname.runner.CucumberTestRunner" name="runScenario" time="12.588"/>
  <system-out/>
  <testcase classname="org.suborg.project.teamname.runner.CucumberTestRunner" name="runScenario" time="4.300"/>
  <system-out/>
</testsuite> <!-- org.suborg.project.teamname.runner.CucumberTestRunner -->
